12-Nov-2018 14:14:39.427 INFORMATION [main] org.apache.catalina.startup.VersionLoggerListener.log Server version:        Apache Tomcat/9.0.12
12-Nov-2018 14:14:39.443 INFORMATION [main] org.apache.catalina.startup.VersionLoggerListener.log Server built:          Sep 4 2018 22:13:41 UTC
12-Nov-2018 14:14:39.443 INFORMATION [main] org.apache.catalina.startup.VersionLoggerListener.log Server number:         9.0.12.0
12-Nov-2018 14:14:39.443 INFORMATION [main] org.apache.catalina.startup.VersionLoggerListener.log OS Name:               Windows 10
12-Nov-2018 14:14:39.443 INFORMATION [main] org.apache.catalina.startup.VersionLoggerListener.log OS Version:            10.0
12-Nov-2018 14:14:39.443 INFORMATION [main] org.apache.catalina.startup.VersionLoggerListener.log Architecture:          amd64
12-Nov-2018 14:14:39.459 INFORMATION [main] org.apache.catalina.startup.VersionLoggerListener.log Java Home:             C:\Program Files\Java\jdk1.8.0_162\jre
12-Nov-2018 14:14:39.459 INFORMATION [main] org.apache.catalina.startup.VersionLoggerListener.log JVM Version:           1.8.0_162-b12
12-Nov-2018 14:14:39.459 INFORMATION [main] org.apache.catalina.startup.VersionLoggerListener.log JVM Vendor:            Oracle Corporation
12-Nov-2018 14:14:39.459 INFORMATION [main] org.apache.catalina.startup.VersionLoggerListener.log CATALINA_BASE:         C:\Public\WEA5\apache-tomcat-9.0.12
12-Nov-2018 14:14:39.459 INFORMATION [main] org.apache.catalina.startup.VersionLoggerListener.log CATALINA_HOME:         C:\Public\WEA5\apache-tomcat-9.0.12
12-Nov-2018 14:14:39.459 INFORMATION [main] org.apache.catalina.startup.VersionLoggerListener.log Command line argument: -Djava.util.logging.config.file=C:\Public\WEA5\apache-tomcat-9.0.12\conf\logging.properties
12-Nov-2018 14:14:39.459 INFORMATION [main] org.apache.catalina.startup.VersionLoggerListener.log Command line argument: -Djava.util.logging.manager=org.apache.juli.ClassLoaderLogManager
12-Nov-2018 14:14:39.459 INFORMATION [main] org.apache.catalina.startup.VersionLoggerListener.log Command line argument: -Djdk.tls.ephemeralDHKeySize=2048
12-Nov-2018 14:14:39.459 INFORMATION [main] org.apache.catalina.startup.VersionLoggerListener.log Command line argument: -Djava.protocol.handler.pkgs=org.apache.catalina.webresources
12-Nov-2018 14:14:39.459 INFORMATION [main] org.apache.catalina.startup.VersionLoggerListener.log Command line argument: -Dignore.endorsed.dirs=
12-Nov-2018 14:14:39.459 INFORMATION [main] org.apache.catalina.startup.VersionLoggerListener.log Command line argument: -Dcatalina.base=C:\Public\WEA5\apache-tomcat-9.0.12
12-Nov-2018 14:14:39.459 INFORMATION [main] org.apache.catalina.startup.VersionLoggerListener.log Command line argument: -Dcatalina.home=C:\Public\WEA5\apache-tomcat-9.0.12
12-Nov-2018 14:14:39.459 INFORMATION [main] org.apache.catalina.startup.VersionLoggerListener.log Command line argument: -Djava.io.tmpdir=C:\Public\WEA5\apache-tomcat-9.0.12\temp
12-Nov-2018 14:14:39.459 INFORMATION [main] org.apache.catalina.core.AprLifecycleListener.lifecycleEvent The APR based Apache Tomcat Native library which allows optimal performance in production environments was not found on the java.library.path: [C:\Program Files\Java\jdk1.8.0_162\bin;C:\WINDOWS\Sun\Java\bin;C:\WINDOWS\system32;C:\WINDOWS;C:\Program Files (x86)\Common Files\Oracle\Java\javapath;C:\Program Files (x86)\NVIDIA Corporation\PhysX\Common;C:\ProgramData\Oracle\Java\javapath;C:\Program Files (x86)\Intel\iCLS Client\;C:\Program Files\Intel\iCLS Client\;C:\WINDOWS\system32;C:\WINDOWS;C:\WINDOWS\System32\Wbem;C:\WINDOWS\System32\WindowsPowerShell\v1.0\;C:\Program Files (x86)\Intel\Intel(R) Management Engine Components\DAL;C:\Program Files\Intel\Intel(R) Management Engine Components\DAL;C:\Program Files (x86)\Intel\Intel(R) Management Engine Components\IPT;C:\Program Files\Intel\Intel(R) Management Engine Components\IPT;C:\Program Files\Microsoft SQL Server\130\Tools\Binn\;C:\Program Files (x86)\Skype\Phone\;C:\Program Files\nodejs\;C:\Program Files (x86)\GtkSharp\2.12\bin;C:\Program Files (x86)\Windows Kits\10\Windows Performance Toolkit\;C:\Program Files\dotnet\;C:\WINDOWS\System32\OpenSSH\;C:\Program Files\Git\cmd;C:\Users\mayer.LAPTOP-T80OEI65\AppData\Local\Microsoft\WindowsApps;C:\Public\SWO3\mingw64\bin;C:\Users\mayer.LAPTOP-T80OEI65\AppData\Local\atom\bin;C:\Public\SWO3\bin;C:\Users\mayer.LAPTOP-T80OEI65\AppData\Roaming\npm;C:\Users\mayer.LAPTOP-T80OEI65\AppData\Local\GitHubDesktop\bin;C:\Users\mayer.LAPTOP-T80OEI65\AppData\Local\Programs\Fiddler;C:\Public\SWE4\bin\apache-ant-1.10.3\bin;C:\Program Files\Java\jdk1.8.0_162\bin;C:\Program Files\Microsoft VS Code\bin;C:\Users\mayer.LAPTOP-T80OEI65\AppData\Local\Microsoft\WindowsApps;C:\Program Files\Docker Toolbox;C:\texlive\2018\bin\win32;.]
12-Nov-2018 14:14:40.266 INFORMATION [main] org.apache.coyote.AbstractProtocol.init Initializing ProtocolHandler ["http-nio-8080"]
12-Nov-2018 14:14:40.597 INFORMATION [main] org.apache.tomcat.util.net.NioSelectorPool.getSharedSelector Using a shared selector for servlet write/read
12-Nov-2018 14:14:40.618 INFORMATION [main] org.apache.coyote.AbstractProtocol.init Initializing ProtocolHandler ["ajp-nio-8009"]
12-Nov-2018 14:14:40.623 INFORMATION [main] org.apache.tomcat.util.net.NioSelectorPool.getSharedSelector Using a shared selector for servlet write/read
12-Nov-2018 14:14:40.624 INFORMATION [main] org.apache.catalina.startup.Catalina.load Initialization processed in 1839 ms
12-Nov-2018 14:14:40.681 INFORMATION [main] org.apache.catalina.core.StandardService.startInternal Starting service [Catalina]
12-Nov-2018 14:14:40.682 INFORMATION [main] org.apache.catalina.core.StandardEngine.startInternal Starting Servlet Engine: Apache Tomcat/9.0.12
12-Nov-2018 14:14:40.701 INFORMATION [main] org.apache.catalina.startup.HostConfig.deployDirectory Deploying web application directory [C:\Public\WEA5\apache-tomcat-9.0.12\webapps\docs]
12-Nov-2018 14:14:41.160 INFORMATION [main] org.apache.catalina.startup.HostConfig.deployDirectory Deployment of web application directory [C:\Public\WEA5\apache-tomcat-9.0.12\webapps\docs] has finished in [460] ms
12-Nov-2018 14:14:41.160 INFORMATION [main] org.apache.catalina.startup.HostConfig.deployDirectory Deploying web application directory [C:\Public\WEA5\apache-tomcat-9.0.12\webapps\examples]
12-Nov-2018 14:14:41.876 INFORMATION [main] org.apache.catalina.startup.HostConfig.deployDirectory Deployment of web application directory [C:\Public\WEA5\apache-tomcat-9.0.12\webapps\examples] has finished in [716] ms
12-Nov-2018 14:14:41.877 INFORMATION [main] org.apache.catalina.startup.HostConfig.deployDirectory Deploying web application directory [C:\Public\WEA5\apache-tomcat-9.0.12\webapps\host-manager]
12-Nov-2018 14:14:41.940 INFORMATION [main] org.apache.catalina.startup.HostConfig.deployDirectory Deployment of web application directory [C:\Public\WEA5\apache-tomcat-9.0.12\webapps\host-manager] has finished in [64] ms
12-Nov-2018 14:14:41.941 INFORMATION [main] org.apache.catalina.startup.HostConfig.deployDirectory Deploying web application directory [C:\Public\WEA5\apache-tomcat-9.0.12\webapps\manager]
12-Nov-2018 14:14:41.990 INFORMATION [main] org.apache.catalina.startup.HostConfig.deployDirectory Deployment of web application directory [C:\Public\WEA5\apache-tomcat-9.0.12\webapps\manager] has finished in [49] ms
12-Nov-2018 14:14:41.991 INFORMATION [main] org.apache.catalina.startup.HostConfig.deployDirectory Deploying web application directory [C:\Public\WEA5\apache-tomcat-9.0.12\webapps\ROOT]
12-Nov-2018 14:14:42.013 INFORMATION [main] org.apache.catalina.startup.HostConfig.deployDirectory Deployment of web application directory [C:\Public\WEA5\apache-tomcat-9.0.12\webapps\ROOT] has finished in [23] ms
12-Nov-2018 14:14:42.029 INFORMATION [main] org.apache.coyote.AbstractProtocol.start Starting ProtocolHandler ["http-nio-8080"]
12-Nov-2018 14:14:42.045 INFORMATION [main] org.apache.coyote.AbstractProtocol.start Starting ProtocolHandler ["ajp-nio-8009"]
12-Nov-2018 14:14:42.045 INFORMATION [main] org.apache.catalina.startup.Catalina.start Server startup in 1423 ms
