13-Nov-2018 09:14:23.099 INFORMATION [main] org.apache.catalina.startup.VersionLoggerListener.log Server version:        Apache Tomcat/9.0.12
13-Nov-2018 09:14:23.121 INFORMATION [main] org.apache.catalina.startup.VersionLoggerListener.log Server built:          Sep 4 2018 22:13:41 UTC
13-Nov-2018 09:14:23.121 INFORMATION [main] org.apache.catalina.startup.VersionLoggerListener.log Server number:         9.0.12.0
13-Nov-2018 09:14:23.121 INFORMATION [main] org.apache.catalina.startup.VersionLoggerListener.log OS Name:               Windows 10
13-Nov-2018 09:14:23.121 INFORMATION [main] org.apache.catalina.startup.VersionLoggerListener.log OS Version:            10.0
13-Nov-2018 09:14:23.121 INFORMATION [main] org.apache.catalina.startup.VersionLoggerListener.log Architecture:          amd64
13-Nov-2018 09:14:23.121 INFORMATION [main] org.apache.catalina.startup.VersionLoggerListener.log Java Home:             C:\Program Files\Java\jdk1.8.0_162\jre
13-Nov-2018 09:14:23.122 INFORMATION [main] org.apache.catalina.startup.VersionLoggerListener.log JVM Version:           1.8.0_162-b12
13-Nov-2018 09:14:23.122 INFORMATION [main] org.apache.catalina.startup.VersionLoggerListener.log JVM Vendor:            Oracle Corporation
13-Nov-2018 09:14:23.124 INFORMATION [main] org.apache.catalina.startup.VersionLoggerListener.log CATALINA_BASE:         C:\Public\WEA5\apache-tomcat-9.0.12
13-Nov-2018 09:14:23.125 INFORMATION [main] org.apache.catalina.startup.VersionLoggerListener.log CATALINA_HOME:         C:\Public\WEA5\apache-tomcat-9.0.12
13-Nov-2018 09:14:23.125 INFORMATION [main] org.apache.catalina.startup.VersionLoggerListener.log Command line argument: -Djava.util.logging.config.file=C:\Public\WEA5\apache-tomcat-9.0.12\conf\logging.properties
13-Nov-2018 09:14:23.125 INFORMATION [main] org.apache.catalina.startup.VersionLoggerListener.log Command line argument: -Djava.util.logging.manager=org.apache.juli.ClassLoaderLogManager
13-Nov-2018 09:14:23.126 INFORMATION [main] org.apache.catalina.startup.VersionLoggerListener.log Command line argument: -Djdk.tls.ephemeralDHKeySize=2048
13-Nov-2018 09:14:23.126 INFORMATION [main] org.apache.catalina.startup.VersionLoggerListener.log Command line argument: -Djava.protocol.handler.pkgs=org.apache.catalina.webresources
13-Nov-2018 09:14:23.126 INFORMATION [main] org.apache.catalina.startup.VersionLoggerListener.log Command line argument: -Dignore.endorsed.dirs=
13-Nov-2018 09:14:23.126 INFORMATION [main] org.apache.catalina.startup.VersionLoggerListener.log Command line argument: -Dcatalina.base=C:\Public\WEA5\apache-tomcat-9.0.12
13-Nov-2018 09:14:23.127 INFORMATION [main] org.apache.catalina.startup.VersionLoggerListener.log Command line argument: -Dcatalina.home=C:\Public\WEA5\apache-tomcat-9.0.12
13-Nov-2018 09:14:23.128 INFORMATION [main] org.apache.catalina.startup.VersionLoggerListener.log Command line argument: -Djava.io.tmpdir=C:\Public\WEA5\apache-tomcat-9.0.12\temp
13-Nov-2018 09:14:23.129 INFORMATION [main] org.apache.catalina.core.AprLifecycleListener.lifecycleEvent The APR based Apache Tomcat Native library which allows optimal performance in production environments was not found on the java.library.path: [C:\Program Files\Java\jdk1.8.0_162\bin;C:\WINDOWS\Sun\Java\bin;C:\WINDOWS\system32;C:\WINDOWS;C:\Program Files (x86)\Common Files\Oracle\Java\javapath;C:\Program Files (x86)\NVIDIA Corporation\PhysX\Common;C:\ProgramData\Oracle\Java\javapath;C:\Program Files (x86)\Intel\iCLS Client\;C:\Program Files\Intel\iCLS Client\;C:\WINDOWS\system32;C:\WINDOWS;C:\WINDOWS\System32\Wbem;C:\WINDOWS\System32\WindowsPowerShell\v1.0\;C:\Program Files (x86)\Intel\Intel(R) Management Engine Components\DAL;C:\Program Files\Intel\Intel(R) Management Engine Components\DAL;C:\Program Files (x86)\Intel\Intel(R) Management Engine Components\IPT;C:\Program Files\Intel\Intel(R) Management Engine Components\IPT;C:\Program Files\Microsoft SQL Server\130\Tools\Binn\;C:\Program Files (x86)\Skype\Phone\;C:\Program Files\nodejs\;C:\Program Files (x86)\GtkSharp\2.12\bin;C:\Program Files (x86)\Windows Kits\10\Windows Performance Toolkit\;C:\Program Files\dotnet\;C:\WINDOWS\System32\OpenSSH\;C:\Program Files\Git\cmd;C:\Users\mayer.LAPTOP-T80OEI65\AppData\Local\Microsoft\WindowsApps;C:\Public\SWO3\mingw64\bin;C:\Users\mayer.LAPTOP-T80OEI65\AppData\Local\atom\bin;C:\Public\SWO3\bin;C:\Users\mayer.LAPTOP-T80OEI65\AppData\Roaming\npm;C:\Users\mayer.LAPTOP-T80OEI65\AppData\Local\GitHubDesktop\bin;C:\Users\mayer.LAPTOP-T80OEI65\AppData\Local\Programs\Fiddler;C:\Public\SWE4\bin\apache-ant-1.10.3\bin;C:\Program Files\Java\jdk1.8.0_162\bin;C:\Program Files\Microsoft VS Code\bin;C:\Users\mayer.LAPTOP-T80OEI65\AppData\Local\Microsoft\WindowsApps;C:\Program Files\Docker Toolbox;C:\texlive\2018\bin\win32;.]
13-Nov-2018 09:14:23.779 INFORMATION [main] org.apache.coyote.AbstractProtocol.init Initializing ProtocolHandler ["http-nio-8080"]
13-Nov-2018 09:14:23.803 SCHWERWIEGEND [main] org.apache.catalina.util.LifecycleBase.handleSubClassException Failed to initialize component [Connector[HTTP/1.1-8080]]
 org.apache.catalina.LifecycleException: Protocol handler initialization failed
	at org.apache.catalina.connector.Connector.initInternal(Connector.java:935)
	at org.apache.catalina.util.LifecycleBase.init(LifecycleBase.java:136)
	at org.apache.catalina.core.StandardService.initInternal(StandardService.java:533)
	at org.apache.catalina.util.LifecycleBase.init(LifecycleBase.java:136)
	at org.apache.catalina.core.StandardServer.initInternal(StandardServer.java:852)
	at org.apache.catalina.util.LifecycleBase.init(LifecycleBase.java:136)
	at org.apache.catalina.startup.Catalina.load(Catalina.java:633)
	at org.apache.catalina.startup.Catalina.load(Catalina.java:656)
	at sun.reflect.NativeMethodAccessorImpl.invoke0(Native Method)
	at sun.reflect.NativeMethodAccessorImpl.invoke(NativeMethodAccessorImpl.java:62)
	at sun.reflect.DelegatingMethodAccessorImpl.invoke(DelegatingMethodAccessorImpl.java:43)
	at java.lang.reflect.Method.invoke(Method.java:498)
	at org.apache.catalina.startup.Bootstrap.load(Bootstrap.java:306)
	at org.apache.catalina.startup.Bootstrap.main(Bootstrap.java:491)
Caused by: java.net.BindException: Address already in use: bind
	at sun.nio.ch.Net.bind0(Native Method)
	at sun.nio.ch.Net.bind(Net.java:433)
	at sun.nio.ch.Net.bind(Net.java:425)
	at sun.nio.ch.ServerSocketChannelImpl.bind(ServerSocketChannelImpl.java:223)
	at sun.nio.ch.ServerSocketAdaptor.bind(ServerSocketAdaptor.java:74)
	at org.apache.tomcat.util.net.NioEndpoint.initServerSocket(NioEndpoint.java:236)
	at org.apache.tomcat.util.net.NioEndpoint.bind(NioEndpoint.java:210)
	at org.apache.tomcat.util.net.AbstractEndpoint.init(AbstractEndpoint.java:1044)
	at org.apache.coyote.AbstractProtocol.init(AbstractProtocol.java:540)
	at org.apache.coyote.http11.AbstractHttp11Protocol.init(AbstractHttp11Protocol.java:74)
	at org.apache.catalina.connector.Connector.initInternal(Connector.java:932)
	... 13 more

13-Nov-2018 09:14:23.806 INFORMATION [main] org.apache.coyote.AbstractProtocol.init Initializing ProtocolHandler ["ajp-nio-8009"]
13-Nov-2018 09:14:23.812 SCHWERWIEGEND [main] org.apache.catalina.util.LifecycleBase.handleSubClassException Failed to initialize component [Connector[AJP/1.3-8009]]
 org.apache.catalina.LifecycleException: Protocol handler initialization failed
	at org.apache.catalina.connector.Connector.initInternal(Connector.java:935)
	at org.apache.catalina.util.LifecycleBase.init(LifecycleBase.java:136)
	at org.apache.catalina.core.StandardService.initInternal(StandardService.java:533)
	at org.apache.catalina.util.LifecycleBase.init(LifecycleBase.java:136)
	at org.apache.catalina.core.StandardServer.initInternal(StandardServer.java:852)
	at org.apache.catalina.util.LifecycleBase.init(LifecycleBase.java:136)
	at org.apache.catalina.startup.Catalina.load(Catalina.java:633)
	at org.apache.catalina.startup.Catalina.load(Catalina.java:656)
	at sun.reflect.NativeMethodAccessorImpl.invoke0(Native Method)
	at sun.reflect.NativeMethodAccessorImpl.invoke(NativeMethodAccessorImpl.java:62)
	at sun.reflect.DelegatingMethodAccessorImpl.invoke(DelegatingMethodAccessorImpl.java:43)
	at java.lang.reflect.Method.invoke(Method.java:498)
	at org.apache.catalina.startup.Bootstrap.load(Bootstrap.java:306)
	at org.apache.catalina.startup.Bootstrap.main(Bootstrap.java:491)
Caused by: java.net.BindException: Address already in use: bind
	at sun.nio.ch.Net.bind0(Native Method)
	at sun.nio.ch.Net.bind(Net.java:433)
	at sun.nio.ch.Net.bind(Net.java:425)
	at sun.nio.ch.ServerSocketChannelImpl.bind(ServerSocketChannelImpl.java:223)
	at sun.nio.ch.ServerSocketAdaptor.bind(ServerSocketAdaptor.java:74)
	at org.apache.tomcat.util.net.NioEndpoint.initServerSocket(NioEndpoint.java:236)
	at org.apache.tomcat.util.net.NioEndpoint.bind(NioEndpoint.java:210)
	at org.apache.tomcat.util.net.AbstractEndpoint.init(AbstractEndpoint.java:1044)
	at org.apache.coyote.AbstractProtocol.init(AbstractProtocol.java:540)
	at org.apache.catalina.connector.Connector.initInternal(Connector.java:932)
	... 13 more

13-Nov-2018 09:14:23.814 INFORMATION [main] org.apache.catalina.startup.Catalina.load Initialization processed in 1182 ms
13-Nov-2018 09:14:23.854 INFORMATION [main] org.apache.catalina.core.StandardService.startInternal Starting service [Catalina]
13-Nov-2018 09:14:23.856 INFORMATION [main] org.apache.catalina.core.StandardEngine.startInternal Starting Servlet Engine: Apache Tomcat/9.0.12
13-Nov-2018 09:14:23.874 INFORMATION [main] org.apache.catalina.startup.HostConfig.deployDirectory Deploying web application directory [C:\Public\WEA5\apache-tomcat-9.0.12\webapps\docs]
13-Nov-2018 09:14:24.420 WARNUNG [main] org.apache.catalina.util.SessionIdGeneratorBase.createSecureRandom Creation of SecureRandom instance for session ID generation using [SHA1PRNG] took [149] milliseconds.
13-Nov-2018 09:14:24.442 INFORMATION [main] org.apache.catalina.startup.HostConfig.deployDirectory Deployment of web application directory [C:\Public\WEA5\apache-tomcat-9.0.12\webapps\docs] has finished in [568] ms
13-Nov-2018 09:14:24.443 INFORMATION [main] org.apache.catalina.startup.HostConfig.deployDirectory Deploying web application directory [C:\Public\WEA5\apache-tomcat-9.0.12\webapps\examples]
13-Nov-2018 09:14:25.835 INFORMATION [main] org.apache.catalina.startup.HostConfig.deployDirectory Deployment of web application directory [C:\Public\WEA5\apache-tomcat-9.0.12\webapps\examples] has finished in [1,392] ms
13-Nov-2018 09:14:25.836 INFORMATION [main] org.apache.catalina.startup.HostConfig.deployDirectory Deploying web application directory [C:\Public\WEA5\apache-tomcat-9.0.12\webapps\host-manager]
13-Nov-2018 09:14:25.890 INFORMATION [main] org.apache.catalina.startup.HostConfig.deployDirectory Deployment of web application directory [C:\Public\WEA5\apache-tomcat-9.0.12\webapps\host-manager] has finished in [55] ms
13-Nov-2018 09:14:25.891 INFORMATION [main] org.apache.catalina.startup.HostConfig.deployDirectory Deploying web application directory [C:\Public\WEA5\apache-tomcat-9.0.12\webapps\manager]
13-Nov-2018 09:14:25.945 INFORMATION [main] org.apache.catalina.startup.HostConfig.deployDirectory Deployment of web application directory [C:\Public\WEA5\apache-tomcat-9.0.12\webapps\manager] has finished in [55] ms
13-Nov-2018 09:14:25.945 INFORMATION [main] org.apache.catalina.startup.HostConfig.deployDirectory Deploying web application directory [C:\Public\WEA5\apache-tomcat-9.0.12\webapps\ROOT]
13-Nov-2018 09:14:25.984 INFORMATION [main] org.apache.catalina.startup.HostConfig.deployDirectory Deployment of web application directory [C:\Public\WEA5\apache-tomcat-9.0.12\webapps\ROOT] has finished in [39] ms
13-Nov-2018 09:14:25.987 INFORMATION [main] org.apache.catalina.startup.Catalina.start Server startup in 2173 ms
13-Nov-2018 09:14:25.993 SCHWERWIEGEND [main] org.apache.catalina.core.StandardServer.await StandardServer.await: create[localhost:8005]: 
 java.net.BindException: Address already in use: JVM_Bind
	at java.net.DualStackPlainSocketImpl.bind0(Native Method)
	at java.net.DualStackPlainSocketImpl.socketBind(DualStackPlainSocketImpl.java:106)
	at java.net.AbstractPlainSocketImpl.bind(AbstractPlainSocketImpl.java:387)
	at java.net.PlainSocketImpl.bind(PlainSocketImpl.java:190)
	at java.net.ServerSocket.bind(ServerSocket.java:375)
	at java.net.ServerSocket.<init>(ServerSocket.java:237)
	at org.apache.catalina.core.StandardServer.await(StandardServer.java:422)
	at org.apache.catalina.startup.Catalina.await(Catalina.java:770)
	at org.apache.catalina.startup.Catalina.start(Catalina.java:716)
	at sun.reflect.NativeMethodAccessorImpl.invoke0(Native Method)
	at sun.reflect.NativeMethodAccessorImpl.invoke(NativeMethodAccessorImpl.java:62)
	at sun.reflect.DelegatingMethodAccessorImpl.invoke(DelegatingMethodAccessorImpl.java:43)
	at java.lang.reflect.Method.invoke(Method.java:498)
	at org.apache.catalina.startup.Bootstrap.start(Bootstrap.java:350)
	at org.apache.catalina.startup.Bootstrap.main(Bootstrap.java:492)

13-Nov-2018 09:14:25.994 INFORMATION [main] org.apache.coyote.AbstractProtocol.pause Pausing ProtocolHandler ["http-nio-8080"]
13-Nov-2018 09:14:25.994 INFORMATION [main] org.apache.coyote.AbstractProtocol.pause Pausing ProtocolHandler ["ajp-nio-8009"]
13-Nov-2018 09:14:25.995 INFORMATION [main] org.apache.catalina.core.StandardService.stopInternal Stopping service [Catalina]
13-Nov-2018 09:14:26.025 INFORMATION [main] org.apache.coyote.AbstractProtocol.stop Stopping ProtocolHandler ["http-nio-8080"]
13-Nov-2018 09:14:26.026 INFORMATION [main] org.apache.coyote.AbstractProtocol.destroy Destroying ProtocolHandler ["http-nio-8080"]
13-Nov-2018 09:14:26.027 INFORMATION [main] org.apache.coyote.AbstractProtocol.stop Stopping ProtocolHandler ["ajp-nio-8009"]
13-Nov-2018 09:14:26.028 INFORMATION [main] org.apache.coyote.AbstractProtocol.destroy Destroying ProtocolHandler ["ajp-nio-8009"]
13-Nov-2018 09:14:38.790 INFORMATION [main] org.apache.catalina.startup.VersionLoggerListener.log Server version:        Apache Tomcat/9.0.12
13-Nov-2018 09:14:38.794 INFORMATION [main] org.apache.catalina.startup.VersionLoggerListener.log Server built:          Sep 4 2018 22:13:41 UTC
13-Nov-2018 09:14:38.795 INFORMATION [main] org.apache.catalina.startup.VersionLoggerListener.log Server number:         9.0.12.0
13-Nov-2018 09:14:38.795 INFORMATION [main] org.apache.catalina.startup.VersionLoggerListener.log OS Name:               Windows 10
13-Nov-2018 09:14:38.796 INFORMATION [main] org.apache.catalina.startup.VersionLoggerListener.log OS Version:            10.0
13-Nov-2018 09:14:38.796 INFORMATION [main] org.apache.catalina.startup.VersionLoggerListener.log Architecture:          amd64
13-Nov-2018 09:14:38.796 INFORMATION [main] org.apache.catalina.startup.VersionLoggerListener.log Java Home:             C:\Program Files\Java\jdk1.8.0_162\jre
13-Nov-2018 09:14:38.796 INFORMATION [main] org.apache.catalina.startup.VersionLoggerListener.log JVM Version:           1.8.0_162-b12
13-Nov-2018 09:14:38.796 INFORMATION [main] org.apache.catalina.startup.VersionLoggerListener.log JVM Vendor:            Oracle Corporation
13-Nov-2018 09:14:38.796 INFORMATION [main] org.apache.catalina.startup.VersionLoggerListener.log CATALINA_BASE:         C:\Public\WEA5\apache-tomcat-9.0.12
13-Nov-2018 09:14:38.797 INFORMATION [main] org.apache.catalina.startup.VersionLoggerListener.log CATALINA_HOME:         C:\Public\WEA5\apache-tomcat-9.0.12
13-Nov-2018 09:14:38.797 INFORMATION [main] org.apache.catalina.startup.VersionLoggerListener.log Command line argument: -Djava.util.logging.config.file=C:\Public\WEA5\apache-tomcat-9.0.12\conf\logging.properties
13-Nov-2018 09:14:38.797 INFORMATION [main] org.apache.catalina.startup.VersionLoggerListener.log Command line argument: -Djava.util.logging.manager=org.apache.juli.ClassLoaderLogManager
13-Nov-2018 09:14:38.797 INFORMATION [main] org.apache.catalina.startup.VersionLoggerListener.log Command line argument: -Djdk.tls.ephemeralDHKeySize=2048
13-Nov-2018 09:14:38.797 INFORMATION [main] org.apache.catalina.startup.VersionLoggerListener.log Command line argument: -Djava.protocol.handler.pkgs=org.apache.catalina.webresources
13-Nov-2018 09:14:38.798 INFORMATION [main] org.apache.catalina.startup.VersionLoggerListener.log Command line argument: -Dignore.endorsed.dirs=
13-Nov-2018 09:14:38.798 INFORMATION [main] org.apache.catalina.startup.VersionLoggerListener.log Command line argument: -Dcatalina.base=C:\Public\WEA5\apache-tomcat-9.0.12
13-Nov-2018 09:14:38.799 INFORMATION [main] org.apache.catalina.startup.VersionLoggerListener.log Command line argument: -Dcatalina.home=C:\Public\WEA5\apache-tomcat-9.0.12
13-Nov-2018 09:14:38.800 INFORMATION [main] org.apache.catalina.startup.VersionLoggerListener.log Command line argument: -Djava.io.tmpdir=C:\Public\WEA5\apache-tomcat-9.0.12\temp
13-Nov-2018 09:14:38.800 INFORMATION [main] org.apache.catalina.core.AprLifecycleListener.lifecycleEvent The APR based Apache Tomcat Native library which allows optimal performance in production environments was not found on the java.library.path: [C:\Program Files\Java\jdk1.8.0_162\bin;C:\WINDOWS\Sun\Java\bin;C:\WINDOWS\system32;C:\WINDOWS;C:\Program Files (x86)\Common Files\Oracle\Java\javapath;C:\Program Files (x86)\NVIDIA Corporation\PhysX\Common;C:\ProgramData\Oracle\Java\javapath;C:\Program Files (x86)\Intel\iCLS Client\;C:\Program Files\Intel\iCLS Client\;C:\WINDOWS\system32;C:\WINDOWS;C:\WINDOWS\System32\Wbem;C:\WINDOWS\System32\WindowsPowerShell\v1.0\;C:\Program Files (x86)\Intel\Intel(R) Management Engine Components\DAL;C:\Program Files\Intel\Intel(R) Management Engine Components\DAL;C:\Program Files (x86)\Intel\Intel(R) Management Engine Components\IPT;C:\Program Files\Intel\Intel(R) Management Engine Components\IPT;C:\Program Files\Microsoft SQL Server\130\Tools\Binn\;C:\Program Files (x86)\Skype\Phone\;C:\Program Files\nodejs\;C:\Program Files (x86)\GtkSharp\2.12\bin;C:\Program Files (x86)\Windows Kits\10\Windows Performance Toolkit\;C:\Program Files\dotnet\;C:\WINDOWS\System32\OpenSSH\;C:\Program Files\Git\cmd;C:\Users\mayer.LAPTOP-T80OEI65\AppData\Local\Microsoft\WindowsApps;C:\Public\SWO3\mingw64\bin;C:\Users\mayer.LAPTOP-T80OEI65\AppData\Local\atom\bin;C:\Public\SWO3\bin;C:\Users\mayer.LAPTOP-T80OEI65\AppData\Roaming\npm;C:\Users\mayer.LAPTOP-T80OEI65\AppData\Local\GitHubDesktop\bin;C:\Users\mayer.LAPTOP-T80OEI65\AppData\Local\Programs\Fiddler;C:\Public\SWE4\bin\apache-ant-1.10.3\bin;C:\Program Files\Java\jdk1.8.0_162\bin;C:\Program Files\Microsoft VS Code\bin;C:\Users\mayer.LAPTOP-T80OEI65\AppData\Local\Microsoft\WindowsApps;C:\Program Files\Docker Toolbox;C:\texlive\2018\bin\win32;.]
13-Nov-2018 09:14:38.948 INFORMATION [main] org.apache.coyote.AbstractProtocol.init Initializing ProtocolHandler ["http-nio-8080"]
13-Nov-2018 09:14:38.964 SCHWERWIEGEND [main] org.apache.catalina.util.LifecycleBase.handleSubClassException Failed to initialize component [Connector[HTTP/1.1-8080]]
 org.apache.catalina.LifecycleException: Protocol handler initialization failed
	at org.apache.catalina.connector.Connector.initInternal(Connector.java:935)
	at org.apache.catalina.util.LifecycleBase.init(LifecycleBase.java:136)
	at org.apache.catalina.core.StandardService.initInternal(StandardService.java:533)
	at org.apache.catalina.util.LifecycleBase.init(LifecycleBase.java:136)
	at org.apache.catalina.core.StandardServer.initInternal(StandardServer.java:852)
	at org.apache.catalina.util.LifecycleBase.init(LifecycleBase.java:136)
	at org.apache.catalina.startup.Catalina.load(Catalina.java:633)
	at org.apache.catalina.startup.Catalina.load(Catalina.java:656)
	at sun.reflect.NativeMethodAccessorImpl.invoke0(Native Method)
	at sun.reflect.NativeMethodAccessorImpl.invoke(NativeMethodAccessorImpl.java:62)
	at sun.reflect.DelegatingMethodAccessorImpl.invoke(DelegatingMethodAccessorImpl.java:43)
	at java.lang.reflect.Method.invoke(Method.java:498)
	at org.apache.catalina.startup.Bootstrap.load(Bootstrap.java:306)
	at org.apache.catalina.startup.Bootstrap.main(Bootstrap.java:491)
Caused by: java.net.BindException: Address already in use: bind
	at sun.nio.ch.Net.bind0(Native Method)
	at sun.nio.ch.Net.bind(Net.java:433)
	at sun.nio.ch.Net.bind(Net.java:425)
	at sun.nio.ch.ServerSocketChannelImpl.bind(ServerSocketChannelImpl.java:223)
	at sun.nio.ch.ServerSocketAdaptor.bind(ServerSocketAdaptor.java:74)
	at org.apache.tomcat.util.net.NioEndpoint.initServerSocket(NioEndpoint.java:236)
	at org.apache.tomcat.util.net.NioEndpoint.bind(NioEndpoint.java:210)
	at org.apache.tomcat.util.net.AbstractEndpoint.init(AbstractEndpoint.java:1044)
	at org.apache.coyote.AbstractProtocol.init(AbstractProtocol.java:540)
	at org.apache.coyote.http11.AbstractHttp11Protocol.init(AbstractHttp11Protocol.java:74)
	at org.apache.catalina.connector.Connector.initInternal(Connector.java:932)
	... 13 more

13-Nov-2018 09:14:38.966 INFORMATION [main] org.apache.coyote.AbstractProtocol.init Initializing ProtocolHandler ["ajp-nio-8009"]
13-Nov-2018 09:14:38.969 SCHWERWIEGEND [main] org.apache.catalina.util.LifecycleBase.handleSubClassException Failed to initialize component [Connector[AJP/1.3-8009]]
 org.apache.catalina.LifecycleException: Protocol handler initialization failed
	at org.apache.catalina.connector.Connector.initInternal(Connector.java:935)
	at org.apache.catalina.util.LifecycleBase.init(LifecycleBase.java:136)
	at org.apache.catalina.core.StandardService.initInternal(StandardService.java:533)
	at org.apache.catalina.util.LifecycleBase.init(LifecycleBase.java:136)
	at org.apache.catalina.core.StandardServer.initInternal(StandardServer.java:852)
	at org.apache.catalina.util.LifecycleBase.init(LifecycleBase.java:136)
	at org.apache.catalina.startup.Catalina.load(Catalina.java:633)
	at org.apache.catalina.startup.Catalina.load(Catalina.java:656)
	at sun.reflect.NativeMethodAccessorImpl.invoke0(Native Method)
	at sun.reflect.NativeMethodAccessorImpl.invoke(NativeMethodAccessorImpl.java:62)
	at sun.reflect.DelegatingMethodAccessorImpl.invoke(DelegatingMethodAccessorImpl.java:43)
	at java.lang.reflect.Method.invoke(Method.java:498)
	at org.apache.catalina.startup.Bootstrap.load(Bootstrap.java:306)
	at org.apache.catalina.startup.Bootstrap.main(Bootstrap.java:491)
Caused by: java.net.BindException: Address already in use: bind
	at sun.nio.ch.Net.bind0(Native Method)
	at sun.nio.ch.Net.bind(Net.java:433)
	at sun.nio.ch.Net.bind(Net.java:425)
	at sun.nio.ch.ServerSocketChannelImpl.bind(ServerSocketChannelImpl.java:223)
	at sun.nio.ch.ServerSocketAdaptor.bind(ServerSocketAdaptor.java:74)
	at org.apache.tomcat.util.net.NioEndpoint.initServerSocket(NioEndpoint.java:236)
	at org.apache.tomcat.util.net.NioEndpoint.bind(NioEndpoint.java:210)
	at org.apache.tomcat.util.net.AbstractEndpoint.init(AbstractEndpoint.java:1044)
	at org.apache.coyote.AbstractProtocol.init(AbstractProtocol.java:540)
	at org.apache.catalina.connector.Connector.initInternal(Connector.java:932)
	... 13 more

13-Nov-2018 09:14:38.972 INFORMATION [main] org.apache.catalina.startup.Catalina.load Initialization processed in 602 ms
13-Nov-2018 09:14:39.014 INFORMATION [main] org.apache.catalina.core.StandardService.startInternal Starting service [Catalina]
13-Nov-2018 09:14:39.016 INFORMATION [main] org.apache.catalina.core.StandardEngine.startInternal Starting Servlet Engine: Apache Tomcat/9.0.12
13-Nov-2018 09:14:39.035 INFORMATION [main] org.apache.catalina.startup.HostConfig.deployDirectory Deploying web application directory [C:\Public\WEA5\apache-tomcat-9.0.12\webapps\docs]
13-Nov-2018 09:14:39.517 WARNUNG [main] org.apache.catalina.util.SessionIdGeneratorBase.createSecureRandom Creation of SecureRandom instance for session ID generation using [SHA1PRNG] took [149] milliseconds.
13-Nov-2018 09:14:39.544 INFORMATION [main] org.apache.catalina.startup.HostConfig.deployDirectory Deployment of web application directory [C:\Public\WEA5\apache-tomcat-9.0.12\webapps\docs] has finished in [509] ms
13-Nov-2018 09:14:39.544 INFORMATION [main] org.apache.catalina.startup.HostConfig.deployDirectory Deploying web application directory [C:\Public\WEA5\apache-tomcat-9.0.12\webapps\examples]
13-Nov-2018 09:14:40.041 INFORMATION [main] org.apache.catalina.startup.HostConfig.deployDirectory Deployment of web application directory [C:\Public\WEA5\apache-tomcat-9.0.12\webapps\examples] has finished in [496] ms
13-Nov-2018 09:14:40.041 INFORMATION [main] org.apache.catalina.startup.HostConfig.deployDirectory Deploying web application directory [C:\Public\WEA5\apache-tomcat-9.0.12\webapps\host-manager]
13-Nov-2018 09:14:40.084 INFORMATION [main] org.apache.catalina.startup.HostConfig.deployDirectory Deployment of web application directory [C:\Public\WEA5\apache-tomcat-9.0.12\webapps\host-manager] has finished in [43] ms
13-Nov-2018 09:14:40.084 INFORMATION [main] org.apache.catalina.startup.HostConfig.deployDirectory Deploying web application directory [C:\Public\WEA5\apache-tomcat-9.0.12\webapps\manager]
13-Nov-2018 09:14:40.122 INFORMATION [main] org.apache.catalina.startup.HostConfig.deployDirectory Deployment of web application directory [C:\Public\WEA5\apache-tomcat-9.0.12\webapps\manager] has finished in [38] ms
13-Nov-2018 09:14:40.123 INFORMATION [main] org.apache.catalina.startup.HostConfig.deployDirectory Deploying web application directory [C:\Public\WEA5\apache-tomcat-9.0.12\webapps\ROOT]
13-Nov-2018 09:14:40.154 INFORMATION [main] org.apache.catalina.startup.HostConfig.deployDirectory Deployment of web application directory [C:\Public\WEA5\apache-tomcat-9.0.12\webapps\ROOT] has finished in [32] ms
13-Nov-2018 09:14:40.159 INFORMATION [main] org.apache.catalina.startup.Catalina.start Server startup in 1184 ms
13-Nov-2018 09:14:40.164 SCHWERWIEGEND [main] org.apache.catalina.core.StandardServer.await StandardServer.await: create[localhost:8005]: 
 java.net.BindException: Address already in use: JVM_Bind
	at java.net.DualStackPlainSocketImpl.bind0(Native Method)
	at java.net.DualStackPlainSocketImpl.socketBind(DualStackPlainSocketImpl.java:106)
	at java.net.AbstractPlainSocketImpl.bind(AbstractPlainSocketImpl.java:387)
	at java.net.PlainSocketImpl.bind(PlainSocketImpl.java:190)
	at java.net.ServerSocket.bind(ServerSocket.java:375)
	at java.net.ServerSocket.<init>(ServerSocket.java:237)
	at org.apache.catalina.core.StandardServer.await(StandardServer.java:422)
	at org.apache.catalina.startup.Catalina.await(Catalina.java:770)
	at org.apache.catalina.startup.Catalina.start(Catalina.java:716)
	at sun.reflect.NativeMethodAccessorImpl.invoke0(Native Method)
	at sun.reflect.NativeMethodAccessorImpl.invoke(NativeMethodAccessorImpl.java:62)
	at sun.reflect.DelegatingMethodAccessorImpl.invoke(DelegatingMethodAccessorImpl.java:43)
	at java.lang.reflect.Method.invoke(Method.java:498)
	at org.apache.catalina.startup.Bootstrap.start(Bootstrap.java:350)
	at org.apache.catalina.startup.Bootstrap.main(Bootstrap.java:492)

13-Nov-2018 09:14:40.165 INFORMATION [main] org.apache.coyote.AbstractProtocol.pause Pausing ProtocolHandler ["http-nio-8080"]
13-Nov-2018 09:14:40.168 INFORMATION [main] org.apache.coyote.AbstractProtocol.pause Pausing ProtocolHandler ["ajp-nio-8009"]
13-Nov-2018 09:14:40.169 INFORMATION [main] org.apache.catalina.core.StandardService.stopInternal Stopping service [Catalina]
13-Nov-2018 09:14:40.192 INFORMATION [main] org.apache.coyote.AbstractProtocol.stop Stopping ProtocolHandler ["http-nio-8080"]
13-Nov-2018 09:14:40.193 INFORMATION [main] org.apache.coyote.AbstractProtocol.destroy Destroying ProtocolHandler ["http-nio-8080"]
13-Nov-2018 09:14:40.197 INFORMATION [main] org.apache.coyote.AbstractProtocol.stop Stopping ProtocolHandler ["ajp-nio-8009"]
13-Nov-2018 09:14:40.199 INFORMATION [main] org.apache.coyote.AbstractProtocol.destroy Destroying ProtocolHandler ["ajp-nio-8009"]
13-Nov-2018 09:23:39.719 INFORMATION [main] org.apache.catalina.startup.VersionLoggerListener.log Server version:        Apache Tomcat/9.0.12
13-Nov-2018 09:23:39.725 INFORMATION [main] org.apache.catalina.startup.VersionLoggerListener.log Server built:          Sep 4 2018 22:13:41 UTC
13-Nov-2018 09:23:39.725 INFORMATION [main] org.apache.catalina.startup.VersionLoggerListener.log Server number:         9.0.12.0
13-Nov-2018 09:23:39.726 INFORMATION [main] org.apache.catalina.startup.VersionLoggerListener.log OS Name:               Windows 10
13-Nov-2018 09:23:39.726 INFORMATION [main] org.apache.catalina.startup.VersionLoggerListener.log OS Version:            10.0
13-Nov-2018 09:23:39.727 INFORMATION [main] org.apache.catalina.startup.VersionLoggerListener.log Architecture:          amd64
13-Nov-2018 09:23:39.727 INFORMATION [main] org.apache.catalina.startup.VersionLoggerListener.log Java Home:             C:\Program Files\Java\jdk1.8.0_162\jre
13-Nov-2018 09:23:39.727 INFORMATION [main] org.apache.catalina.startup.VersionLoggerListener.log JVM Version:           1.8.0_162-b12
13-Nov-2018 09:23:39.727 INFORMATION [main] org.apache.catalina.startup.VersionLoggerListener.log JVM Vendor:            Oracle Corporation
13-Nov-2018 09:23:39.728 INFORMATION [main] org.apache.catalina.startup.VersionLoggerListener.log CATALINA_BASE:         C:\Public\WEA5\apache-tomcat-9.0.12
13-Nov-2018 09:23:39.728 INFORMATION [main] org.apache.catalina.startup.VersionLoggerListener.log CATALINA_HOME:         C:\Public\WEA5\apache-tomcat-9.0.12
13-Nov-2018 09:23:39.728 INFORMATION [main] org.apache.catalina.startup.VersionLoggerListener.log Command line argument: -Djava.util.logging.config.file=C:\Public\WEA5\apache-tomcat-9.0.12\conf\logging.properties
13-Nov-2018 09:23:39.729 INFORMATION [main] org.apache.catalina.startup.VersionLoggerListener.log Command line argument: -Djava.util.logging.manager=org.apache.juli.ClassLoaderLogManager
13-Nov-2018 09:23:39.730 INFORMATION [main] org.apache.catalina.startup.VersionLoggerListener.log Command line argument: -Djdk.tls.ephemeralDHKeySize=2048
13-Nov-2018 09:23:39.731 INFORMATION [main] org.apache.catalina.startup.VersionLoggerListener.log Command line argument: -Djava.protocol.handler.pkgs=org.apache.catalina.webresources
13-Nov-2018 09:23:39.731 INFORMATION [main] org.apache.catalina.startup.VersionLoggerListener.log Command line argument: -Dignore.endorsed.dirs=
13-Nov-2018 09:23:39.732 INFORMATION [main] org.apache.catalina.startup.VersionLoggerListener.log Command line argument: -Dcatalina.base=C:\Public\WEA5\apache-tomcat-9.0.12
13-Nov-2018 09:23:39.732 INFORMATION [main] org.apache.catalina.startup.VersionLoggerListener.log Command line argument: -Dcatalina.home=C:\Public\WEA5\apache-tomcat-9.0.12
13-Nov-2018 09:23:39.733 INFORMATION [main] org.apache.catalina.startup.VersionLoggerListener.log Command line argument: -Djava.io.tmpdir=C:\Public\WEA5\apache-tomcat-9.0.12\temp
13-Nov-2018 09:23:39.734 INFORMATION [main] org.apache.catalina.core.AprLifecycleListener.lifecycleEvent The APR based Apache Tomcat Native library which allows optimal performance in production environments was not found on the java.library.path: [C:\Program Files\Java\jdk1.8.0_162\bin;C:\WINDOWS\Sun\Java\bin;C:\WINDOWS\system32;C:\WINDOWS;C:\Program Files (x86)\Common Files\Oracle\Java\javapath;C:\Program Files (x86)\NVIDIA Corporation\PhysX\Common;C:\ProgramData\Oracle\Java\javapath;C:\Program Files (x86)\Intel\iCLS Client\;C:\Program Files\Intel\iCLS Client\;C:\WINDOWS\system32;C:\WINDOWS;C:\WINDOWS\System32\Wbem;C:\WINDOWS\System32\WindowsPowerShell\v1.0\;C:\Program Files (x86)\Intel\Intel(R) Management Engine Components\DAL;C:\Program Files\Intel\Intel(R) Management Engine Components\DAL;C:\Program Files (x86)\Intel\Intel(R) Management Engine Components\IPT;C:\Program Files\Intel\Intel(R) Management Engine Components\IPT;C:\Program Files\Microsoft SQL Server\130\Tools\Binn\;C:\Program Files (x86)\Skype\Phone\;C:\Program Files\nodejs\;C:\Program Files (x86)\GtkSharp\2.12\bin;C:\Program Files (x86)\Windows Kits\10\Windows Performance Toolkit\;C:\Program Files\dotnet\;C:\WINDOWS\System32\OpenSSH\;C:\Program Files\Git\cmd;C:\Users\mayer.LAPTOP-T80OEI65\AppData\Local\Microsoft\WindowsApps;C:\Public\SWO3\mingw64\bin;C:\Users\mayer.LAPTOP-T80OEI65\AppData\Local\atom\bin;C:\Public\SWO3\bin;C:\Users\mayer.LAPTOP-T80OEI65\AppData\Roaming\npm;C:\Users\mayer.LAPTOP-T80OEI65\AppData\Local\GitHubDesktop\bin;C:\Users\mayer.LAPTOP-T80OEI65\AppData\Local\Programs\Fiddler;C:\Public\SWE4\bin\apache-ant-1.10.3\bin;C:\Program Files\Java\jdk1.8.0_162\bin;C:\Program Files\Microsoft VS Code\bin;C:\Users\mayer.LAPTOP-T80OEI65\AppData\Local\Microsoft\WindowsApps;C:\Program Files\Docker Toolbox;C:\texlive\2018\bin\win32;.]
13-Nov-2018 09:23:39.904 INFORMATION [main] org.apache.coyote.AbstractProtocol.init Initializing ProtocolHandler ["http-nio-8080"]
13-Nov-2018 09:23:40.125 INFORMATION [main] org.apache.tomcat.util.net.NioSelectorPool.getSharedSelector Using a shared selector for servlet write/read
13-Nov-2018 09:23:40.133 INFORMATION [main] org.apache.coyote.AbstractProtocol.init Initializing ProtocolHandler ["ajp-nio-8009"]
13-Nov-2018 09:23:40.135 INFORMATION [main] org.apache.tomcat.util.net.NioSelectorPool.getSharedSelector Using a shared selector for servlet write/read
13-Nov-2018 09:23:40.136 INFORMATION [main] org.apache.catalina.startup.Catalina.load Initialization processed in 839 ms
13-Nov-2018 09:23:40.165 INFORMATION [main] org.apache.catalina.core.StandardService.startInternal Starting service [Catalina]
13-Nov-2018 09:23:40.165 INFORMATION [main] org.apache.catalina.core.StandardEngine.startInternal Starting Servlet Engine: Apache Tomcat/9.0.12
13-Nov-2018 09:23:40.178 INFORMATION [main] org.apache.catalina.startup.HostConfig.deployDirectory Deploying web application directory [C:\Public\WEA5\apache-tomcat-9.0.12\webapps\docs]
13-Nov-2018 09:23:40.523 INFORMATION [main] org.apache.catalina.startup.HostConfig.deployDirectory Deployment of web application directory [C:\Public\WEA5\apache-tomcat-9.0.12\webapps\docs] has finished in [345] ms
13-Nov-2018 09:23:40.524 INFORMATION [main] org.apache.catalina.startup.HostConfig.deployDirectory Deploying web application directory [C:\Public\WEA5\apache-tomcat-9.0.12\webapps\examples]
13-Nov-2018 09:23:41.027 INFORMATION [main] org.apache.catalina.startup.HostConfig.deployDirectory Deployment of web application directory [C:\Public\WEA5\apache-tomcat-9.0.12\webapps\examples] has finished in [503] ms
13-Nov-2018 09:23:41.028 INFORMATION [main] org.apache.catalina.startup.HostConfig.deployDirectory Deploying web application directory [C:\Public\WEA5\apache-tomcat-9.0.12\webapps\host-manager]
13-Nov-2018 09:23:41.076 INFORMATION [main] org.apache.catalina.startup.HostConfig.deployDirectory Deployment of web application directory [C:\Public\WEA5\apache-tomcat-9.0.12\webapps\host-manager] has finished in [48] ms
13-Nov-2018 09:23:41.077 INFORMATION [main] org.apache.catalina.startup.HostConfig.deployDirectory Deploying web application directory [C:\Public\WEA5\apache-tomcat-9.0.12\webapps\manager]
13-Nov-2018 09:23:41.116 INFORMATION [main] org.apache.catalina.startup.HostConfig.deployDirectory Deployment of web application directory [C:\Public\WEA5\apache-tomcat-9.0.12\webapps\manager] has finished in [40] ms
13-Nov-2018 09:23:41.117 INFORMATION [main] org.apache.catalina.startup.HostConfig.deployDirectory Deploying web application directory [C:\Public\WEA5\apache-tomcat-9.0.12\webapps\ROOT]
13-Nov-2018 09:23:41.148 INFORMATION [main] org.apache.catalina.startup.HostConfig.deployDirectory Deployment of web application directory [C:\Public\WEA5\apache-tomcat-9.0.12\webapps\ROOT] has finished in [31] ms
13-Nov-2018 09:23:41.151 INFORMATION [main] org.apache.coyote.AbstractProtocol.start Starting ProtocolHandler ["http-nio-8080"]
13-Nov-2018 09:23:41.161 INFORMATION [main] org.apache.coyote.AbstractProtocol.start Starting ProtocolHandler ["ajp-nio-8009"]
13-Nov-2018 09:23:41.165 INFORMATION [main] org.apache.catalina.startup.Catalina.start Server startup in 1028 ms
